[0818/200803.879:ERROR:process_memory_win.cc(73)] ReadMemory at 0x7ff7f4260000 of 64 bytes failed: Запрос ReadProcessMemory или WriteProcessMemory был выполнен только частично. (0x12B)
[0818/200803.880:WARNING:pe_image_reader.cc(340)] could not read dos header from C:\Program Files (x86)\Google\Chrome\Application\chrome.exe
[0818/200803.880:ERROR:process_memory_win.cc(73)] ReadMemory at 0x7ff947090000 of 64 bytes failed: Запрос ReadProcessMemory или WriteProcessMemory был выполнен только частично. (0x12B)
[0818/200803.880:WARNING:pe_image_reader.cc(340)] could not read dos header from C:\WINDOWS\SYSTEM32\ntdll.dll
[0818/200803.880:ERROR:process_memory_win.cc(73)] ReadMemory at 0x7ff946210000 of 64 bytes failed: Запрос ReadProcessMemory или WriteProcessMemory был выполнен только частично. (0x12B)
[0818/200803.881:WARNING:pe_image_reader.cc(340)] could not read dos header from C:\WINDOWS\System32\KERNEL32.DLL
[0818/200803.881:ERROR:process_memory_win.cc(73)] ReadMemory at 0x7ff944bf0000 of 64 bytes failed: Запрос ReadProcessMemory или WriteProcessMemory был выполнен только частично. (0x12B)
[0818/200803.881:WARNING:pe_image_reader.cc(340)] could not read dos header from C:\WINDOWS\System32\KERNELBASE.dll
[0818/200803.881:ERROR:process_memory_win.cc(73)] ReadMemory at 0x7ff923b70000 of 64 bytes failed: Запрос ReadProcessMemory или WriteProcessMemory был выполнен только частично. (0x12B)
[0818/200803.881:WARNING:pe_image_reader.cc(340)] could not read dos header from C:\Program Files (x86)\Google\Chrome\Application\84.0.4147.125\chrome_elf.dll
[0818/200803.881:ERROR:process_memory_win.cc(73)] ReadMemory at 0x7ff93e590000 of 64 bytes failed: Запрос ReadProcessMemory или WriteProcessMemory был выполнен только частично. (0x12B)
[0818/200803.881:WARNING:pe_image_reader.cc(340)] could not read dos header from C:\WINDOWS\SYSTEM32\VERSION.dll
[0818/200803.881:ERROR:process_memory_win.cc(73)] ReadMemory at 0x7ff9467f0000 of 64 bytes failed: Запрос ReadProcessMemory или WriteProcessMemory был выполнен только частично. (0x12B)
[0818/200803.881:WARNING:pe_image_reader.cc(340)] could not read dos header from C:\WINDOWS\System32\msvcrt.dll
[0818/200803.881:ERROR:process_memory_win.cc(73)] ReadMemory at 0x7ff946b80000 of 64 bytes failed: Запрос ReadProcessMemory или WriteProcessMemory был выполнен только частично. (0x12B)
[0818/200803.881:WARNING:pe_image_reader.cc(340)] could not read dos header from C:\WINDOWS\System32\ADVAPI32.dll
[0818/200803.881:ERROR:process_memory_win.cc(73)] ReadMemory at 0x7ff945fd0000 of 64 bytes failed: Запрос ReadProcessMemory или WriteProcessMemory был выполнен только частично. (0x12B)
[0818/200803.881:WARNING:pe_image_reader.cc(340)] could not read dos header from C:\WINDOWS\System32\sechost.dll
[0818/200803.881:ERROR:process_memory_win.cc(73)] ReadMemory at 0x7ff945de0000 of 64 bytes failed: Запрос ReadProcessMemory или WriteProcessMemory был выполнен только частично. (0x12B)
[0818/200803.881:WARNING:pe_image_reader.cc(340)] could not read dos header from C:\WINDOWS\System32\RPCRT4.dll
[0818/200803.881:ERROR:process_memory_win.cc(73)] ReadMemory at 0x7ff90f660000 of 64 bytes failed: Запрос ReadProcessMemory или WriteProcessMemory был выполнен только частично. (0x12B)
[0818/200803.881:WARNING:pe_image_reader.cc(340)] could not read dos header from C:\Program Files (x86)\Google\Chrome\Application\84.0.4147.125\chrome.dll
[0818/200803.881:ERROR:process_memory_win.cc(73)] ReadMemory at 0x7ff9465b0000 of 64 bytes failed: Запрос ReadProcessMemory или WriteProcessMemory был выполнен только частично. (0x12B)
[0818/200803.881:WARNING:pe_image_reader.cc(340)] could not read dos header from C:\WINDOWS\System32\WS2_32.dll
[0818/200803.881:ERROR:process_memory_win.cc(73)] ReadMemory at 0x7ff946620000 of 64 bytes failed: Запрос ReadProcessMemory или WriteProcessMemory был выполнен только частично. (0x12B)
[0818/200803.881:WARNING:pe_image_reader.cc(340)] could not read dos header from C:\WINDOWS\System32\OLEAUT32.dll
[0818/200803.881:ERROR:process_memory_win.cc(73)] ReadMemory at 0x7ff944890000 of 64 bytes failed: Запрос ReadProcessMemory или WriteProcessMemory был выполнен только частично. (0x12B)
[0818/200803.881:WARNING:pe_image_reader.cc(340)] could not read dos header from C:\WINDOWS\System32\msvcp_win.dll
[0818/200803.881:ERROR:process_memory_win.cc(73)] ReadMemory at 0x7ff944990000 of 64 bytes failed: Запрос ReadProcessMemory или WriteProcessMemory был выполнен только частично. (0x12B)
[0818/200803.881:WARNING:pe_image_reader.cc(340)] could not read dos header from C:\WINDOWS\System32\ucrtbase.dll
[0818/200803.881:ERROR:process_memory_win.cc(73)] ReadMemory at 0x7ff946c30000 of 64 bytes failed: Запрос ReadProcessMemory или WriteProcessMemory был выполнен только частично. (0x12B)
[0818/200803.881:WARNING:pe_image_reader.cc(340)] could not read dos header from C:\WINDOWS\System32\combase.dll
[0818/200803.881:ERROR:process_memory_win.cc(73)] ReadMemory at 0x7ff944ec0000 of 64 bytes failed: Запрос ReadProcessMemory или WriteProcessMemory был выполнен только частично. (0x12B)
[0818/200803.881:WARNING:pe_image_reader.cc(340)] could not read dos header from C:\WINDOWS\System32\WINTRUST.dll
[0818/200803.881:ERROR:process_memory_win.cc(73)] ReadMemory at 0x7ff944a90000 of 64 bytes failed: Запрос ReadProcessMemory или WriteProcessMemory был выполнен только частично. (0x12B)
[0818/200803.881:WARNING:pe_image_reader.cc(340)] could not read dos header from C:\WINDOWS\System32\CRYPT32.dll
[0818/200803.881:ERROR:process_memory_win.cc(73)] ReadMemory at 0x7ff943c00000 of 64 bytes failed: Запрос ReadProcessMemory или WriteProcessMemory был выполнен только частично. (0x12B)
[0818/200803.882:WARNING:pe_image_reader.cc(340)] could not read dos header from C:\WINDOWS\SYSTEM32\IPHLPAPI.DLL
[0818/200803.882:ERROR:process_memory_win.cc(73)] ReadMemory at 0x7ff93de80000 of 64 bytes failed: Запрос ReadProcessMemory или WriteProcessMemory был выполнен только частично. (0x12B)
[0818/200803.882:WARNING:pe_image_reader.cc(340)] could not read dos header from C:\WINDOWS\SYSTEM32\WINMM.dll
[0818/200803.882:ERROR:process_memory_win.cc(73)] ReadMemory at 0x7ff9387c0000 of 64 bytes failed: Запрос ReadProcessMemory или WriteProcessMemory был выполнен только частично. (0x12B)
[0818/200803.882:WARNING:pe_image_reader.cc(340)] could not read dos header from C:\WINDOWS\SYSTEM32\Secur32.dll
[0818/200803.882:ERROR:process_memory_win.cc(73)] ReadMemory at 0x7ff9446e0000 of 64 bytes failed: Запрос ReadProcessMemory или WriteProcessMemory был выполнен только частично. (0x12B)
[0818/200803.882:WARNING:pe_image_reader.cc(340)] could not read dos header from C:\WINDOWS\SYSTEM32\USERENV.dll
[0818/200803.882:ERROR:process_memory_win.cc(73)] ReadMemory at 0x7ff92a7a0000 of 64 bytes failed: Запрос ReadProcessMemory или WriteProcessMemory был выполнен только частично. (0x12B)
[0818/200803.882:WARNING:pe_image_reader.cc(340)] could not read dos header from C:\WINDOWS\SYSTEM32\UIAutomationCore.DLL
[0818/200803.882:ERROR:process_memory_win.cc(73)] ReadMemory at 0x7ff936f50000 of 64 bytes failed: Запрос ReadProcessMemory или WriteProcessMemory был выполнен только частично. (0x12B)
[0818/200803.882:WARNING:pe_image_reader.cc(340)] could not read dos header from C:\WINDOWS\SYSTEM32\DWrite.dll
[0818/200803.882:ERROR:process_memory_win.cc(73)] ReadMemory at 0x7ff92bec0000 of 64 bytes failed: Запрос ReadProcessMemory или WriteProcessMemory был выполнен только частично. (0x12B)
[0818/200803.882:WARNING:pe_image_reader.cc(340)] could not read dos header from C:\WINDOWS\SYSTEM32\WINSPOOL.DRV
[0818/200803.882:ERROR:process_memory_win.cc(73)] ReadMemory at 0x7ff93f190000 of 64 bytes failed: Запрос ReadProcessMemory или WriteProcessMemory был выполнен только частично. (0x12B)
[0818/200803.882:WARNING:pe_image_reader.cc(340)] could not read dos header from C:\WINDOWS\SYSTEM32\dbghelp.dll
[0818/200803.882:ERROR:process_memory_win.cc(73)] ReadMemory at 0x7ff93c590000 of 64 bytes failed: Запрос ReadProcessMemory или WriteProcessMemory был выполнен только частично. (0x12B)
[0818/200803.882:WARNING:pe_image_reader.cc(340)] could not read dos header from C:\WINDOWS\SYSTEM32\WINHTTP.dll
[0818/200803.882:ERROR:process_memory_win.cc(73)] ReadMemory at 0x7ff93eb70000 of 64 bytes failed: Запрос ReadProcessMemory или WriteProcessMemory был выполнен только частично. (0x12B)
[0818/200803.882:WARNING:pe_image_reader.cc(340)] could not read dos header from C:\WINDOWS\SYSTEM32\dhcpcsvc.DLL
[0818/200803.882:ERROR:process_memory_win.cc(73)] ReadMemory at 0x7ff940480000 of 64 bytes failed: Запрос ReadProcessMemory или WriteProcessMemory был выполнен только частично. (0x12B)
[0818/200803.882:WARNING:pe_image_reader.cc(340)] could not read dos header from C:\WINDOWS\SYSTEM32\PROPSYS.dll
[0818/200803.882:ERROR:process_memory_win.cc(73)] ReadMemory at 0x7ff9446a0000 of 64 bytes failed: Запрос ReadProcessMemory или WriteProcessMemory был выполнен только частично. (0x12B)
[0818/200803.882:WARNING:pe_image_reader.cc(340)] could not read dos header from C:\WINDOWS\SYSTEM32\SSPICLI.DLL
[0818/200803.882:ERROR:process_memory_win.cc(73)] ReadMemory at 0x7ff944310000 of 64 bytes failed: Запрос ReadProcessMemory или WriteProcessMemory был выполнен только частично. (0x12B)
[0818/200803.883:WARNING:pe_image_reader.cc(340)] could not read dos header from C:\WINDOWS\System32\MSASN1.dll
[0818/200803.883:ERROR:process_memory_win.cc(73)] ReadMemory at 0x7ff945080000 of 64 bytes failed: Запрос ReadProcessMemory или WriteProcessMemory был выполнен только частично. (0x12B)
[0818/200803.883:WARNING:pe_image_reader.cc(340)] could not read dos header from C:\WINDOWS\System32\bcryptPrimitives.dll
[0818/200803.883:ERROR:process_memory_win.cc(73)] ReadMemory at 0x7ff9440e0000 of 64 bytes failed: Запрос ReadProcessMemory или WriteProcessMemory был выполнен только частично. (0x12B)
[0818/200803.883:WARNING:pe_image_reader.cc(340)] could not read dos header from C:\WINDOWS\SYSTEM32\CRYPTBASE.DLL
[0818/200803.887:ERROR:process_memory_win.cc(73)] ReadMemory at 0x7ff7f4260000 of 64 bytes failed: Запрос ReadProcessMemory или WriteProcessMemory был выполнен только частично. (0x12B)
[0818/200803.887:WARNING:pe_image_reader.cc(340)] could not read dos header from C:\Program Files (x86)\Google\Chrome\Application\chrome.exe
[0818/200803.887:ERROR:process_memory_win.cc(73)] ReadMemory at 0x7ff947090000 of 64 bytes failed: Запрос ReadProcessMemory или WriteProcessMemory был выполнен только частично. (0x12B)
[0818/200803.887:WARNING:pe_image_reader.cc(340)] could not read dos header from C:\WINDOWS\SYSTEM32\ntdll.dll
[0818/200803.887:ERROR:process_memory_win.cc(73)] ReadMemory at 0x7ff946210000 of 64 bytes failed: Запрос ReadProcessMemory или WriteProcessMemory был выполнен только частично. (0x12B)
[0818/200803.887:WARNING:pe_image_reader.cc(340)] could not read dos header from C:\WINDOWS\System32\KERNEL32.DLL
[0818/200803.887:ERROR:process_memory_win.cc(73)] ReadMemory at 0x7ff944bf0000 of 64 bytes failed: Запрос ReadProcessMemory или WriteProcessMemory был выполнен только частично. (0x12B)
[0818/200803.887:WARNING:pe_image_reader.cc(340)] could not read dos header from C:\WINDOWS\System32\KERNELBASE.dll
[0818/200803.887:ERROR:process_memory_win.cc(73)] ReadMemory at 0x7ff923b70000 of 64 bytes failed: Запрос ReadProcessMemory или WriteProcessMemory был выполнен только частично. (0x12B)
[0818/200803.887:WARNING:pe_image_reader.cc(340)] could not read dos header from C:\Program Files (x86)\Google\Chrome\Application\84.0.4147.125\chrome_elf.dll
[0818/200803.887:ERROR:process_memory_win.cc(73)] ReadMemory at 0x7ff93e590000 of 64 bytes failed: Запрос ReadProcessMemory или WriteProcessMemory был выполнен только частично. (0x12B)
[0818/200803.887:WARNING:pe_image_reader.cc(340)] could not read dos header from C:\WINDOWS\SYSTEM32\VERSION.dll
[0818/200803.887:ERROR:process_memory_win.cc(73)] ReadMemory at 0x7ff9467f0000 of 64 bytes failed: Запрос ReadProcessMemory или WriteProcessMemory был выполнен только частично. (0x12B)
[0818/200803.887:WARNING:pe_image_reader.cc(340)] could not read dos header from C:\WINDOWS\System32\msvcrt.dll
[0818/200803.887:ERROR:process_memory_win.cc(73)] ReadMemory at 0x7ff946b80000 of 64 bytes failed: Запрос ReadProcessMemory или WriteProcessMemory был выполнен только частично. (0x12B)
[0818/200803.887:WARNING:pe_image_reader.cc(340)] could not read dos header from C:\WINDOWS\System32\ADVAPI32.dll
[0818/200803.890:ERROR:process_memory_win.cc(73)] ReadMemory at 0x7ff945fd0000 of 64 bytes failed: Запрос ReadProcessMemory или WriteProcessMemory был выполнен только частично. (0x12B)
[0818/200803.890:WARNING:pe_image_reader.cc(340)] could not read dos header from C:\WINDOWS\System32\sechost.dll
[0818/200803.890:ERROR:process_memory_win.cc(73)] ReadMemory at 0x7ff945de0000 of 64 bytes failed: Запрос ReadProcessMemory или WriteProcessMemory был выполнен только частично. (0x12B)
[0818/200803.890:WARNING:pe_image_reader.cc(340)] could not read dos header from C:\WINDOWS\System32\RPCRT4.dll
[0818/200803.890:ERROR:process_memory_win.cc(73)] ReadMemory at 0x7ff90f660000 of 64 bytes failed: Запрос ReadProcessMemory или WriteProcessMemory был выполнен только частично. (0x12B)
[0818/200803.890:WARNING:pe_image_reader.cc(340)] could not read dos header from C:\Program Files (x86)\Google\Chrome\Application\84.0.4147.125\chrome.dll
[0818/200803.890:ERROR:process_memory_win.cc(73)] ReadMemory at 0x7ff9465b0000 of 64 bytes failed: Запрос ReadProcessMemory или WriteProcessMemory был выполнен только частично. (0x12B)
[0818/200803.890:WARNING:pe_image_reader.cc(340)] could not read dos header from C:\WINDOWS\System32\WS2_32.dll
[0818/200803.890:ERROR:process_memory_win.cc(73)] ReadMemory at 0x7ff946620000 of 64 bytes failed: Запрос ReadProcessMemory или WriteProcessMemory был выполнен только частично. (0x12B)
[0818/200803.890:WARNING:pe_image_reader.cc(340)] could not read dos header from C:\WINDOWS\System32\OLEAUT32.dll
[0818/200803.890:ERROR:process_memory_win.cc(73)] ReadMemory at 0x7ff944890000 of 64 bytes failed: Запрос ReadProcessMemory или WriteProcessMemory был выполнен только частично. (0x12B)
[0818/200803.890:WARNING:pe_image_reader.cc(340)] could not read dos header from C:\WINDOWS\System32\msvcp_win.dll
[0818/200803.890:ERROR:process_memory_win.cc(73)] ReadMemory at 0x7ff944990000 of 64 bytes failed: Запрос ReadProcessMemory или WriteProcessMemory был выполнен только частично. (0x12B)
[0818/200803.890:WARNING:pe_image_reader.cc(340)] could not read dos header from C:\WINDOWS\System32\ucrtbase.dll
[0818/200803.890:ERROR:process_memory_win.cc(73)] ReadMemory at 0x7ff946c30000 of 64 bytes failed: Запрос ReadProcessMemory или WriteProcessMemory был выполнен только частично. (0x12B)
[0818/200803.890:WARNING:pe_image_reader.cc(340)] could not read dos header from C:\WINDOWS\System32\combase.dll
[0818/200803.890:ERROR:process_memory_win.cc(73)] ReadMemory at 0x7ff944ec0000 of 64 bytes failed: Запрос ReadProcessMemory или WriteProcessMemory был выполнен только частично. (0x12B)
[0818/200803.890:WARNING:pe_image_reader.cc(340)] could not read dos header from C:\WINDOWS\System32\WINTRUST.dll
[0818/200803.890:ERROR:process_memory_win.cc(73)] ReadMemory at 0x7ff944a90000 of 64 bytes failed: Запрос ReadProcessMemory или WriteProcessMemory был выполнен только частично. (0x12B)
[0818/200803.890:WARNING:pe_image_reader.cc(340)] could not read dos header from C:\WINDOWS\System32\CRYPT32.dll
[0818/200803.890:ERROR:process_memory_win.cc(73)] ReadMemory at 0x7ff943c00000 of 64 bytes failed: Запрос ReadProcessMemory или WriteProcessMemory был выполнен только частично. (0x12B)
[0818/200803.890:WARNING:pe_image_reader.cc(340)] could not read dos header from C:\WINDOWS\SYSTEM32\IPHLPAPI.DLL
[0818/200803.890:ERROR:process_memory_win.cc(73)] ReadMemory at 0x7ff93de80000 of 64 bytes failed: Запрос ReadProcessMemory или WriteProcessMemory был выполнен только частично. (0x12B)
[0818/200803.890:WARNING:pe_image_reader.cc(340)] could not read dos header from C:\WINDOWS\SYSTEM32\WINMM.dll
[0818/200803.890:ERROR:process_memory_win.cc(73)] ReadMemory at 0x7ff9387c0000 of 64 bytes failed: Запрос ReadProcessMemory или WriteProcessMemory был выполнен только частично. (0x12B)
[0818/200803.890:WARNING:pe_image_reader.cc(340)] could not read dos header from C:\WINDOWS\SYSTEM32\Secur32.dll
[0818/200803.890:ERROR:process_memory_win.cc(73)] ReadMemory at 0x7ff9446e0000 of 64 bytes failed: Запрос ReadProcessMemory или WriteProcessMemory был выполнен только частично. (0x12B)
[0818/200803.891:WARNING:pe_image_reader.cc(340)] could not read dos header from C:\WINDOWS\SYSTEM32\USERENV.dll
[0818/200803.891:ERROR:process_memory_win.cc(73)] ReadMemory at 0x7ff92a7a0000 of 64 bytes failed: Запрос ReadProcessMemory или WriteProcessMemory был выполнен только частично. (0x12B)
[0818/200803.891:WARNING:pe_image_reader.cc(340)] could not read dos header from C:\WINDOWS\SYSTEM32\UIAutomationCore.DLL
[0818/200803.891:ERROR:process_memory_win.cc(73)] ReadMemory at 0x7ff936f50000 of 64 bytes failed: Запрос ReadProcessMemory или WriteProcessMemory был выполнен только частично. (0x12B)
[0818/200803.891:WARNING:pe_image_reader.cc(340)] could not read dos header from C:\WINDOWS\SYSTEM32\DWrite.dll
[0818/200803.891:ERROR:process_memory_win.cc(73)] ReadMemory at 0x7ff92bec0000 of 64 bytes failed: Запрос ReadProcessMemory или WriteProcessMemory был выполнен только частично. (0x12B)
[0818/200803.891:WARNING:pe_image_reader.cc(340)] could not read dos header from C:\WINDOWS\SYSTEM32\WINSPOOL.DRV
[0818/200803.891:ERROR:process_memory_win.cc(73)] ReadMemory at 0x7ff93f190000 of 64 bytes failed: Запрос ReadProcessMemory или WriteProcessMemory был выполнен только частично. (0x12B)
[0818/200803.891:WARNING:pe_image_reader.cc(340)] could not read dos header from C:\WINDOWS\SYSTEM32\dbghelp.dll
[0818/200803.891:ERROR:process_memory_win.cc(73)] ReadMemory at 0x7ff93c590000 of 64 bytes failed: Запрос ReadProcessMemory или WriteProcessMemory был выполнен только частично. (0x12B)
[0818/200803.891:WARNING:pe_image_reader.cc(340)] could not read dos header from C:\WINDOWS\SYSTEM32\WINHTTP.dll
[0818/200803.891:ERROR:process_memory_win.cc(73)] ReadMemory at 0x7ff93eb70000 of 64 bytes failed: Запрос ReadProcessMemory или WriteProcessMemory был выполнен только частично. (0x12B)
[0818/200803.891:WARNING:pe_image_reader.cc(340)] could not read dos header from C:\WINDOWS\SYSTEM32\dhcpcsvc.DLL
[0818/200803.891:ERROR:process_memory_win.cc(73)] ReadMemory at 0x7ff940480000 of 64 bytes failed: Запрос ReadProcessMemory или WriteProcessMemory был выполнен только частично. (0x12B)
[0818/200803.891:WARNING:pe_image_reader.cc(340)] could not read dos header from C:\WINDOWS\SYSTEM32\PROPSYS.dll
[0818/200803.891:ERROR:process_memory_win.cc(73)] ReadMemory at 0x7ff9446a0000 of 64 bytes failed: Запрос ReadProcessMemory или WriteProcessMemory был выполнен только частично. (0x12B)
[0818/200803.891:WARNING:pe_image_reader.cc(340)] could not read dos header from C:\WINDOWS\SYSTEM32\SSPICLI.DLL
[0818/200803.891:ERROR:process_memory_win.cc(73)] ReadMemory at 0x7ff944310000 of 64 bytes failed: Запрос ReadProcessMemory или WriteProcessMemory был выполнен только частично. (0x12B)
[0818/200803.891:WARNING:pe_image_reader.cc(340)] could not read dos header from C:\WINDOWS\System32\MSASN1.dll
[0818/200803.891:ERROR:process_memory_win.cc(73)] ReadMemory at 0x7ff945080000 of 64 bytes failed: Запрос ReadProcessMemory или WriteProcessMemory был выполнен только частично. (0x12B)
[0818/200803.891:WARNING:pe_image_reader.cc(340)] could not read dos header from C:\WINDOWS\System32\bcryptPrimitives.dll
[0818/200803.891:ERROR:process_memory_win.cc(73)] ReadMemory at 0x7ff9440e0000 of 64 bytes failed: Запрос ReadProcessMemory или WriteProcessMemory был выполнен только частично. (0x12B)
[0818/200803.891:WARNING:pe_image_reader.cc(340)] could not read dos header from C:\WINDOWS\SYSTEM32\CRYPTBASE.DLL
[0818/200803.891:ERROR:process_memory_win.cc(73)] ReadMemory at 0x7ff7f4260000 of 64 bytes failed: Запрос ReadProcessMemory или WriteProcessMemory был выполнен только частично. (0x12B)
[0818/200803.891:WARNING:pe_image_reader.cc(340)] could not read dos header from C:\Program Files (x86)\Google\Chrome\Application\chrome.exe
[0818/200803.891:ERROR:process_memory_win.cc(73)] ReadMemory at 0x7ff947090000 of 64 bytes failed: Запрос ReadProcessMemory или WriteProcessMemory был выполнен только частично. (0x12B)
[0818/200803.891:WARNING:pe_image_reader.cc(340)] could not read dos header from C:\WINDOWS\SYSTEM32\ntdll.dll
[0818/200803.891:ERROR:process_memory_win.cc(73)] ReadMemory at 0x7ff946210000 of 64 bytes failed: Запрос ReadProcessMemory или WriteProcessMemory был выполнен только частично. (0x12B)
[0818/200803.891:WARNING:pe_image_reader.cc(340)] could not read dos header from C:\WINDOWS\System32\KERNEL32.DLL
[0818/200803.891:ERROR:process_memory_win.cc(73)] ReadMemory at 0x7ff944bf0000 of 64 bytes failed: Запрос ReadProcessMemory или WriteProcessMemory был выполнен только частично. (0x12B)
[0818/200803.891:WARNING:pe_image_reader.cc(340)] could not read dos header from C:\WINDOWS\System32\KERNELBASE.dll
[0818/200803.891:ERROR:process_memory_win.cc(73)] ReadMemory at 0x7ff923b70000 of 64 bytes failed: Запрос ReadProcessMemory или WriteProcessMemory был выполнен только частично. (0x12B)
[0818/200803.891:WARNING:pe_image_reader.cc(340)] could not read dos header from C:\Program Files (x86)\Google\Chrome\Application\84.0.4147.125\chrome_elf.dll
[0818/200803.891:ERROR:process_memory_win.cc(73)] ReadMemory at 0x7ff93e590000 of 64 bytes failed: Запрос ReadProcessMemory или WriteProcessMemory был выполнен только частично. (0x12B)
[0818/200803.891:WARNING:pe_image_reader.cc(340)] could not read dos header from C:\WINDOWS\SYSTEM32\VERSION.dll
[0818/200803.892:ERROR:process_memory_win.cc(73)] ReadMemory at 0x7ff9467f0000 of 64 bytes failed: Запрос ReadProcessMemory или WriteProcessMemory был выполнен только частично. (0x12B)
[0818/200803.892:WARNING:pe_image_reader.cc(340)] could not read dos header from C:\WINDOWS\System32\msvcrt.dll
[0818/200803.892:ERROR:process_memory_win.cc(73)] ReadMemory at 0x7ff946b80000 of 64 bytes failed: Запрос ReadProcessMemory или WriteProcessMemory был выполнен только частично. (0x12B)
[0818/200803.892:WARNING:pe_image_reader.cc(340)] could not read dos header from C:\WINDOWS\System32\ADVAPI32.dll
[0818/200803.892:ERROR:process_memory_win.cc(73)] ReadMemory at 0x7ff945fd0000 of 64 bytes failed: Запрос ReadProcessMemory или WriteProcessMemory был выполнен только частично. (0x12B)
[0818/200803.892:WARNING:pe_image_reader.cc(340)] could not read dos header from C:\WINDOWS\System32\sechost.dll
[0818/200803.892:ERROR:process_memory_win.cc(73)] ReadMemory at 0x7ff945de0000 of 64 bytes failed: Запрос ReadProcessMemory или WriteProcessMemory был выполнен только частично. (0x12B)
[0818/200803.892:WARNING:pe_image_reader.cc(340)] could not read dos header from C:\WINDOWS\System32\RPCRT4.dll
[0818/200803.892:ERROR:process_memory_win.cc(73)] ReadMemory at 0x7ff90f660000 of 64 bytes failed: Запрос ReadProcessMemory или WriteProcessMemory был выполнен только частично. (0x12B)
[0818/200803.892:WARNING:pe_image_reader.cc(340)] could not read dos header from C:\Program Files (x86)\Google\Chrome\Application\84.0.4147.125\chrome.dll
[0818/200803.892:ERROR:process_memory_win.cc(73)] ReadMemory at 0x7ff9465b0000 of 64 bytes failed: Запрос ReadProcessMemory или WriteProcessMemory был выполнен только частично. (0x12B)
[0818/200803.892:WARNING:pe_image_reader.cc(340)] could not read dos header from C:\WINDOWS\System32\WS2_32.dll
[0818/200803.892:ERROR:process_memory_win.cc(73)] ReadMemory at 0x7ff946620000 of 64 bytes failed: Запрос ReadProcessMemory или WriteProcessMemory был выполнен только частично. (0x12B)
[0818/200803.892:WARNING:pe_image_reader.cc(340)] could not read dos header from C:\WINDOWS\System32\OLEAUT32.dll
[0818/200803.892:ERROR:process_memory_win.cc(73)] ReadMemory at 0x7ff944890000 of 64 bytes failed: Запрос ReadProcessMemory или WriteProcessMemory был выполнен только частично. (0x12B)
[0818/200803.892:WARNING:pe_image_reader.cc(340)] could not read dos header from C:\WINDOWS\System32\msvcp_win.dll
[0818/200803.892:ERROR:process_memory_win.cc(73)] ReadMemory at 0x7ff944990000 of 64 bytes failed: Запрос ReadProcessMemory или WriteProcessMemory был выполнен только частично. (0x12B)
[0818/200803.892:WARNING:pe_image_reader.cc(340)] could not read dos header from C:\WINDOWS\System32\ucrtbase.dll
[0818/200803.892:ERROR:process_memory_win.cc(73)] ReadMemory at 0x7ff946c30000 of 64 bytes failed: Запрос ReadProcessMemory или WriteProcessMemory был выполнен только частично. (0x12B)
[0818/200803.892:WARNING:pe_image_reader.cc(340)] could not read dos header from C:\WINDOWS\System32\combase.dll
[0818/200803.892:ERROR:process_memory_win.cc(73)] ReadMemory at 0x7ff944ec0000 of 64 bytes failed: Запрос ReadProcessMemory или WriteProcessMemory был выполнен только частично. (0x12B)
[0818/200803.892:WARNING:pe_image_reader.cc(340)] could not read dos header from C:\WINDOWS\System32\WINTRUST.dll
[0818/200803.892:ERROR:process_memory_win.cc(73)] ReadMemory at 0x7ff944a90000 of 64 bytes failed: Запрос ReadProcessMemory или WriteProcessMemory был выполнен только частично. (0x12B)
[0818/200803.892:WARNING:pe_image_reader.cc(340)] could not read dos header from C:\WINDOWS\System32\CRYPT32.dll
[0818/200803.892:ERROR:process_memory_win.cc(73)] ReadMemory at 0x7ff943c00000 of 64 bytes failed: Запрос ReadProcessMemory или WriteProcessMemory был выполнен только частично. (0x12B)
[0818/200803.892:WARNING:pe_image_reader.cc(340)] could not read dos header from C:\WINDOWS\SYSTEM32\IPHLPAPI.DLL
[0818/200803.892:ERROR:process_memory_win.cc(73)] ReadMemory at 0x7ff93de80000 of 64 bytes failed: Запрос ReadProcessMemory или WriteProcessMemory был выполнен только частично. (0x12B)
[0818/200803.892:WARNING:pe_image_reader.cc(340)] could not read dos header from C:\WINDOWS\SYSTEM32\WINMM.dll
[0818/200803.892:ERROR:process_memory_win.cc(73)] ReadMemory at 0x7ff9387c0000 of 64 bytes failed: Запрос ReadProcessMemory или WriteProcessMemory был выполнен только частично. (0x12B)
[0818/200803.892:WARNING:pe_image_reader.cc(340)] could not read dos header from C:\WINDOWS\SYSTEM32\Secur32.dll
[0818/200803.892:ERROR:process_memory_win.cc(73)] ReadMemory at 0x7ff9446e0000 of 64 bytes failed: Запрос ReadProcessMemory или WriteProcessMemory был выполнен только частично. (0x12B)
[0818/200803.892:WARNING:pe_image_reader.cc(340)] could not read dos header from C:\WINDOWS\SYSTEM32\USERENV.dll
[0818/200803.892:ERROR:process_memory_win.cc(73)] ReadMemory at 0x7ff92a7a0000 of 64 bytes failed: Запрос ReadProcessMemory или WriteProcessMemory был выполнен только частично. (0x12B)
[0818/200803.892:WARNING:pe_image_reader.cc(340)] could not read dos header from C:\WINDOWS\SYSTEM32\UIAutomationCore.DLL
[0818/200803.892:ERROR:process_memory_win.cc(73)] ReadMemory at 0x7ff936f50000 of 64 bytes failed: Запрос ReadProcessMemory или WriteProcessMemory был выполнен только частично. (0x12B)
[0818/200803.892:WARNING:pe_image_reader.cc(340)] could not read dos header from C:\WINDOWS\SYSTEM32\DWrite.dll
[0818/200803.892:ERROR:process_memory_win.cc(73)] ReadMemory at 0x7ff92bec0000 of 64 bytes failed: Запрос ReadProcessMemory или WriteProcessMemory был выполнен только частично. (0x12B)
[0818/200803.893:WARNING:pe_image_reader.cc(340)] could not read dos header from C:\WINDOWS\SYSTEM32\WINSPOOL.DRV
[0818/200803.893:ERROR:process_memory_win.cc(73)] ReadMemory at 0x7ff93f190000 of 64 bytes failed: Запрос ReadProcessMemory или WriteProcessMemory был выполнен только частично. (0x12B)
[0818/200803.893:WARNING:pe_image_reader.cc(340)] could not read dos header from C:\WINDOWS\SYSTEM32\dbghelp.dll
[0818/200803.893:ERROR:process_memory_win.cc(73)] ReadMemory at 0x7ff93c590000 of 64 bytes failed: Запрос ReadProcessMemory или WriteProcessMemory был выполнен только частично. (0x12B)
[0818/200803.893:WARNING:pe_image_reader.cc(340)] could not read dos header from C:\WINDOWS\SYSTEM32\WINHTTP.dll
[0818/200803.893:ERROR:process_memory_win.cc(73)] ReadMemory at 0x7ff93eb70000 of 64 bytes failed: Запрос ReadProcessMemory или WriteProcessMemory был выполнен только частично. (0x12B)
[0818/200803.893:WARNING:pe_image_reader.cc(340)] could not read dos header from C:\WINDOWS\SYSTEM32\dhcpcsvc.DLL
[0818/200803.893:ERROR:process_memory_win.cc(73)] ReadMemory at 0x7ff940480000 of 64 bytes failed: Запрос ReadProcessMemory или WriteProcessMemory был выполнен только частично. (0x12B)
[0818/200803.893:WARNING:pe_image_reader.cc(340)] could not read dos header from C:\WINDOWS\SYSTEM32\PROPSYS.dll
[0818/200803.893:ERROR:process_memory_win.cc(73)] ReadMemory at 0x7ff9446a0000 of 64 bytes failed: Запрос ReadProcessMemory или WriteProcessMemory был выполнен только частично. (0x12B)
[0818/200803.893:WARNING:pe_image_reader.cc(340)] could not read dos header from C:\WINDOWS\SYSTEM32\SSPICLI.DLL
[0818/200803.893:ERROR:process_memory_win.cc(73)] ReadMemory at 0x7ff944310000 of 64 bytes failed: Запрос ReadProcessMemory или WriteProcessMemory был выполнен только частично. (0x12B)
[0818/200803.893:WARNING:pe_image_reader.cc(340)] could not read dos header from C:\WINDOWS\System32\MSASN1.dll
[0818/200803.893:ERROR:process_memory_win.cc(73)] ReadMemory at 0x7ff945080000 of 64 bytes failed: Запрос ReadProcessMemory или WriteProcessMemory был выполнен только частично. (0x12B)
[0818/200803.893:WARNING:pe_image_reader.cc(340)] could not read dos header from C:\WINDOWS\System32\bcryptPrimitives.dll
[0818/200803.893:ERROR:process_memory_win.cc(73)] ReadMemory at 0x7ff9440e0000 of 64 bytes failed: Запрос ReadProcessMemory или WriteProcessMemory был выполнен только частично. (0x12B)
[0818/200803.893:WARNING:pe_image_reader.cc(340)] could not read dos header from C:\WINDOWS\SYSTEM32\CRYPTBASE.DLL
[0818/200803.911:ERROR:process_memory_win.cc(73)] ReadMemory at 0x16e6de2000 of 122880 bytes failed: Запрос ReadProcessMemory или WriteProcessMemory был выполнен только частично. (0x12B)
[0818/200803.911:ERROR:process_memory_win.cc(73)] ReadMemory at 0x16e75fd000 of 12288 bytes failed: Запрос ReadProcessMemory или WriteProcessMemory был выполнен только частично. (0x12B)
[0818/200803.911:ERROR:process_memory_win.cc(73)] ReadMemory at 0x16e85fc000 of 16384 bytes failed: Запрос ReadProcessMemory или WriteProcessMemory был выполнен только частично. (0x12B)
[0818/200803.912:ERROR:process_memory_win.cc(73)] ReadMemory at 0x16e8dfb000 of 20480 bytes failed: Запрос ReadProcessMemory или WriteProcessMemory был выполнен только частично. (0x12B)
[0818/200803.912:ERROR:process_memory_win.cc(73)] ReadMemory at 0x16e95fe000 of 8192 bytes failed: Запрос ReadProcessMemory или WriteProcessMemory был выполнен только частично. (0x12B)
[0818/200803.912:ERROR:process_memory_win.cc(73)] ReadMemory at 0x16e9dfd000 of 12288 bytes failed: Запрос ReadProcessMemory или WriteProcessMemory был выполнен только частично. (0x12B)
[0818/200803.912:ERROR:process_memory_win.cc(73)] ReadMemory at 0x16ea5fb000 of 20480 bytes failed: Запрос ReadProcessMemory или WriteProcessMemory был выполнен только частично. (0x12B)
[0818/200803.912:ERROR:process_memory_win.cc(73)] ReadMemory at 0x16eadfd000 of 12288 bytes failed: Запрос ReadProcessMemory или WriteProcessMemory был выполнен только частично. (0x12B)
[0818/200803.912:ERROR:process_memory_win.cc(73)] ReadMemory at 0x16eb5fa000 of 24576 bytes failed: Запрос ReadProcessMemory или WriteProcessMemory был выполнен только частично. (0x12B)
[0818/200803.913:ERROR:process_memory_win.cc(73)] ReadMemory at 0x16ebdfa000 of 24576 bytes failed: Запрос ReadProcessMemory или WriteProcessMemory был выполнен только частично. (0x12B)
[0818/200803.913:ERROR:process_memory_win.cc(73)] ReadMemory at 0x16ec5fd000 of 12288 bytes failed: Запрос ReadProcessMemory или WriteProcessMemory был выполнен только частично. (0x12B)
[0818/200803.913:ERROR:process_memory_win.cc(73)] ReadMemory at 0x16eddfd000 of 12288 bytes failed: Запрос ReadProcessMemory или WriteProcessMemory был выполнен только частично. (0x12B)
[0818/200803.913:ERROR:process_memory_win.cc(73)] ReadMemory at 0x16e7dfd000 of 12288 bytes failed: Запрос ReadProcessMemory или WriteProcessMemory был выполнен только частично. (0x12B)
[0818/200803.913:ERROR:process_memory_win.cc(73)] ReadMemory at 0x16ee5f8000 of 32768 bytes failed: Запрос ReadProcessMemory или WriteProcessMemory был выполнен только частично. (0x12B)
[0818/200803.914:ERROR:process_memory_win.cc(73)] ReadMemory at 0x16eedf8000 of 32768 bytes failed: Запрос ReadProcessMemory или WriteProcessMemory был выполнен только частично. (0x12B)
[0818/200803.914:ERROR:process_memory_win.cc(73)] ReadMemory at 0x16e6400000 of 6024 bytes failed: Запрос ReadProcessMemory или WriteProcessMemory был выполнен только частично. (0x12B)
[0818/200803.914:ERROR:process_memory_win.cc(73)] ReadMemory at 0x16e6402000 of 6024 bytes failed: Запрос ReadProcessMemory или WriteProcessMemory был выполнен только частично. (0x12B)
[0818/200803.914:ERROR:process_memory_win.cc(73)] ReadMemory at 0x16e6404000 of 6024 bytes failed: Запрос ReadProcessMemory или WriteProcessMemory был выполнен только частично. (0x12B)
[0818/200803.914:ERROR:process_memory_win.cc(73)] ReadMemory at 0x16e6406000 of 6024 bytes failed: Запрос ReadProcessMemory или WriteProcessMemory был выполнен только частично. (0x12B)
[0818/200803.914:ERROR:process_memory_win.cc(73)] ReadMemory at 0x16e6408000 of 6024 bytes failed: Запрос ReadProcessMemory или WriteProcessMemory был выполнен только частично. (0x12B)
[0818/200803.914:ERROR:process_memory_win.cc(73)] ReadMemory at 0x16e6420000 of 6024 bytes failed: Запрос ReadProcessMemory или WriteProcessMemory был выполнен только частично. (0x12B)
[0818/200803.914:ERROR:process_memory_win.cc(73)] ReadMemory at 0x16e6456000 of 6024 bytes failed: Запрос ReadProcessMemory или WriteProcessMemory был выполнен только частично. (0x12B)
[0818/200803.914:ERROR:process_memory_win.cc(73)] ReadMemory at 0x16e645a000 of 6024 bytes failed: Запрос ReadProcessMemory или WriteProcessMemory был выполнен только частично. (0x12B)
[0818/200803.914:ERROR:process_memory_win.cc(73)] ReadMemory at 0x16e645c000 of 6024 bytes failed: Запрос ReadProcessMemory или WriteProcessMemory был выполнен только частично. (0x12B)
[0818/200803.914:ERROR:process_memory_win.cc(73)] ReadMemory at 0x16e65f1000 of 852 bytes failed: Запрос ReadProcessMemory или WriteProcessMemory был выполнен только частично. (0x12B)
[0818/200803.915:ERROR:process_memory_win.cc(73)] ReadMemory at 0x16e65f2000 of 6024 bytes failed: Запрос ReadProcessMemory или WriteProcessMemory был выполнен только частично. (0x12B)
[0818/200803.915:ERROR:process_memory_win.cc(73)] ReadMemory at 0x16e65f4000 of 6024 bytes failed: Запрос ReadProcessMemory или WriteProcessMemory был выполнен только частично. (0x12B)
[0818/200803.915:ERROR:process_memory_win.cc(73)] ReadMemory at 0x16e65f8000 of 6024 bytes failed: Запрос ReadProcessMemory или WriteProcessMemory был выполнен только частично. (0x12B)
[0818/200803.915:ERROR:process_memory_win.cc(73)] ReadMemory at 0x16e65fa000 of 6024 bytes failed: Запрос ReadProcessMemory или WriteProcessMemory был выполнен только частично. (0x12B)
[0818/200803.915:ERROR:process_memory_win.cc(73)] ReadMemory at 0x16e65fc000 of 6024 bytes failed: Запрос ReadProcessMemory или WriteProcessMemory был выполнен только частично. (0x12B)
[0818/200803.915:ERROR:process_memory_win.cc(73)] ReadMemory at 0x16e65fe000 of 6024 bytes failed: Запрос ReadProcessMemory или WriteProcessMemory был выполнен только частично. (0x12B)
[0818/200803.915:ERROR:process_memory_win.cc(73)] ReadMemory at 0x13f08020fe0 of 20706 bytes failed: Запрос ReadProcessMemory или WriteProcessMemory был выполнен только частично. (0x12B)
[0818/200803.915:ERROR:process_memory_win.cc(73)] ReadMemory at 0x13f080260d0 of 1012 bytes failed: Запрос ReadProcessMemory или WriteProcessMemory был выполнен только частично. (0x12B)
[0818/200803.915:ERROR:process_memory_win.cc(73)] ReadMemory at 0x13f08026718 of 118 bytes failed: Запрос ReadProcessMemory или WriteProcessMemory был выполнен только частично. (0x12B)
[0818/200803.915:ERROR:process_memory_win.cc(73)] ReadMemory at 0x13f08026790 of 892 bytes failed: Запрос ReadProcessMemory или WriteProcessMemory был выполнен только частично. (0x12B)
[0818/200803.915:ERROR:process_memory_win.cc(73)] ReadMemory at 0x13f08026b0e of 118 bytes failed: Запрос ReadProcessMemory или WriteProcessMemory был выполнен только частично. (0x12B)
[0818/200803.915:ERROR:process_memory_win.cc(73)] ReadMemory at 0x13f08026b86 of 96 bytes failed: Запрос ReadProcessMemory или WriteProcessMemory был выполнен только частично. (0x12B)
[0818/200803.915:ERROR:process_memory_win.cc(73)] ReadMemory at 0x13f08026c00 of 58 bytes failed: Запрос ReadProcessMemory или WriteProcessMemory был выполнен только частично. (0x12B)
[0818/200803.915:ERROR:process_memory_win.cc(73)] ReadMemory at 0x13f08026d00 of 132 bytes failed: Запрос ReadProcessMemory или WriteProcessMemory был выполнен только частично. (0x12B)
[0818/200803.916:ERROR:process_memory_win.cc(73)] ReadMemory at 0x13f08026e90 of 132 bytes failed: Запрос ReadProcessMemory или WriteProcessMemory был выполнен только частично. (0x12B)
[0818/200803.917:ERROR:process_memory_win.cc(73)] ReadMemory at 0x13f08027050 of 126 bytes failed: Запрос ReadProcessMemory или WriteProcessMemory был выполнен только частично. (0x12B)
[0818/200803.917:ERROR:process_memory_win.cc(73)] ReadMemory at 0x13f08027430 of 132 bytes failed: Запрос ReadProcessMemory или WriteProcessMemory был выполнен только частично. (0x12B)
[0818/200803.917:ERROR:process_memory_win.cc(73)] ReadMemory at 0x13f080275c0 of 64 bytes failed: Запрос ReadProcessMemory или WriteProcessMemory был выполнен только частично. (0x12B)
[0818/200803.917:ERROR:process_memory_win.cc(73)] ReadMemory at 0x13f08027780 of 132 bytes failed: Запрос ReadProcessMemory или WriteProcessMemory был выполнен только частично. (0x12B)
[0818/200803.918:ERROR:process_memory_win.cc(73)] ReadMemory at 0x13f08027a40 of 132 bytes failed: Запрос ReadProcessMemory или WriteProcessMemory был выполнен только частично. (0x12B)
[0818/200803.918:ERROR:process_memory_win.cc(73)] ReadMemory at 0x13f08027bd0 of 68 bytes failed: Запрос ReadProcessMemory или WriteProcessMemory был выполнен только частично. (0x12B)
[0818/200803.918:ERROR:process_memory_win.cc(73)] ReadMemory at 0x13f08028ce0 of 132 bytes failed: Запрос ReadProcessMemory или WriteProcessMemory был выполнен только частично. (0x12B)
[0818/200803.918:ERROR:process_memory_win.cc(73)] ReadMemory at 0x13f08028e10 of 154 bytes failed: Запрос ReadProcessMemory или WriteProcessMemory был выполнен только частично. (0x12B)
[0818/200803.918:ERROR:process_memory_win.cc(73)] ReadMemory at 0x13f08029d50 of 62 bytes failed: Запрос ReadProcessMemory или WriteProcessMemory был выполнен только частично. (0x12B)
[0818/200803.920:ERROR:process_memory_win.cc(73)] ReadMemory at 0x13f08029e80 of 132 bytes failed: Запрос ReadProcessMemory или WriteProcessMemory был выполнен только частично. (0x12B)
[0818/200803.921:ERROR:process_memory_win.cc(73)] ReadMemory at 0x13f0802a010 of 60 bytes failed: Запрос ReadProcessMemory или WriteProcessMemory был выполнен только частично. (0x12B)
[0818/200803.923:ERROR:process_memory_win.cc(73)] ReadMemory at 0x13f08032481 of 512 bytes failed: Запрос ReadProcessMemory или WriteProcessMemory был выполнен только частично. (0x12B)
[0818/200803.923:ERROR:process_memory_win.cc(73)] ReadMemory at 0x13f08039190 of 60 bytes failed: Запрос ReadProcessMemory или WriteProcessMemory был выполнен только частично. (0x12B)
[0818/200803.923:ERROR:process_memory_win.cc(73)] ReadMemory at 0x13f0803d070 of 132 bytes failed: Запрос ReadProcessMemory или WriteProcessMemory был выполнен только частично. (0x12B)
[0818/200803.923:ERROR:process_memory_win.cc(73)] ReadMemory at 0x13f0803d1a0 of 132 bytes failed: Запрос ReadProcessMemory или WriteProcessMemory был выполнен только частично. (0x12B)
[0818/200803.924:ERROR:process_memory_win.cc(73)] ReadMemory at 0x13f0803d7d0 of 132 bytes failed: Запрос ReadProcessMemory или WriteProcessMemory был выполнен только частично. (0x12B)
[0818/200803.924:ERROR:process_memory_win.cc(73)] ReadMemory at 0x13f0803d900 of 132 bytes failed: Запрос ReadProcessMemory или WriteProcessMemory был выполнен только частично. (0x12B)
[0818/200803.924:ERROR:process_memory_win.cc(73)] ReadMemory at 0x13f0803dc30 of 132 bytes failed: Запрос ReadProcessMemory или WriteProcessMemory был выполнен только частично. (0x12B)
[0818/200803.924:ERROR:process_memory_win.cc(73)] ReadMemory at 0x13f0803dd60 of 132 bytes failed: Запрос ReadProcessMemory или WriteProcessMemory был выполнен только частично. (0x12B)
[0818/200803.924:ERROR:process_memory_win.cc(73)] ReadMemory at 0x13f0803de90 of 132 bytes failed: Запрос ReadProcessMemory или WriteProcessMemory был выполнен только частично. (0x12B)
[0818/200803.924:ERROR:process_memory_win.cc(73)] ReadMemory at 0x13f0803dfc0 of 132 bytes failed: Запрос ReadProcessMemory или WriteProcessMemory был выполнен только частично. (0x12B)
[0818/200803.924:ERROR:process_memory_win.cc(73)] ReadMemory at 0x13f0803e0f0 of 132 bytes failed: Запрос ReadProcessMemory или WriteProcessMemory был выполнен только частично. (0x12B)
[0818/200803.924:ERROR:process_memory_win.cc(73)] ReadMemory at 0x13f0803e220 of 132 bytes failed: Запрос ReadProcessMemory или WriteProcessMemory был выполнен только частично. (0x12B)
[0818/200803.924:ERROR:process_memory_win.cc(73)] ReadMemory at 0x13f0803e480 of 132 bytes failed: Запрос ReadProcessMemory или WriteProcessMemory был выполнен только частично. (0x12B)
[0818/200803.924:ERROR:process_memory_win.cc(73)] ReadMemory at 0x13f0803e5b0 of 132 bytes failed: Запрос ReadProcessMemory или WriteProcessMemory был выполнен только частично. (0x12B)
[0818/200803.924:ERROR:process_memory_win.cc(73)] ReadMemory at 0x13f0803e6e0 of 132 bytes failed: Запрос ReadProcessMemory или WriteProcessMemory был выполнен только частично. (0x12B)
[0818/200803.924:ERROR:process_memory_win.cc(73)] ReadMemory at 0x13f0803e810 of 132 bytes failed: Запрос ReadProcessMemory или WriteProcessMemory был выполнен только частично. (0x12B)
[0818/200803.924:ERROR:process_memory_win.cc(73)] ReadMemory at 0x13f0803e940 of 132 bytes failed: Запрос ReadProcessMemory или WriteProcessMemory был выполнен только частично. (0x12B)
[0818/200803.924:ERROR:process_memory_win.cc(73)] ReadMemory at 0x13f0803ea70 of 132 bytes failed: Запрос ReadProcessMemory или WriteProcessMemory был выполнен только частично. (0x12B)
[0818/200803.924:ERROR:process_memory_win.cc(73)] ReadMemory at 0x13f0803f000 of 80 bytes failed: Запрос ReadProcessMemory или WriteProcessMemory был выполнен только частично. (0x12B)
[0818/200803.925:ERROR:process_memory_win.cc(73)] ReadMemory at 0x13f0803f480 of 80 bytes failed: Запрос ReadProcessMemory или WriteProcessMemory был выполнен только частично. (0x12B)
[0818/200803.925:ERROR:process_memory_win.cc(73)] ReadMemory at 0x13f08041450 of 132 bytes failed: Запрос ReadProcessMemory или WriteProcessMemory был выполнен только частично. (0x12B)
[0818/200803.925:ERROR:process_memory_win.cc(73)] ReadMemory at 0x13f08041f60 of 132 bytes failed: Запрос ReadProcessMemory или WriteProcessMemory был выполнен только частично. (0x12B)
[0818/200803.925:ERROR:process_memory_win.cc(73)] ReadMemory at 0x13f08042530 of 132 bytes failed: Запрос ReadProcessMemory или WriteProcessMemory был выполнен только частично. (0x12B)
[0818/200803.925:ERROR:process_memory_win.cc(73)] ReadMemory at 0x13f080480d0 of 132 bytes failed: Запрос ReadProcessMemory или WriteProcessMemory был выполнен только частично. (0x12B)
[0818/200803.925:ERROR:process_memory_win.cc(73)] ReadMemory at 0x13f080482f0 of 132 bytes failed: Запрос ReadProcessMemory или WriteProcessMemory был выполнен только частично. (0x12B)
[0818/200803.925:ERROR:process_memory_win.cc(73)] ReadMemory at 0x13f0804c500 of 62 bytes failed: Запрос ReadProcessMemory или WriteProcessMemory был выполнен только частично. (0x12B)
[0818/200803.925:ERROR:process_memory_win.cc(73)] ReadMemory at 0x13f0804c550 of 60 bytes failed: Запрос ReadProcessMemory или WriteProcessMemory был выполнен только частично. (0x12B)
[0818/200803.925:ERROR:process_memory_win.cc(73)] ReadMemory at 0x13f0804c5a0 of 62 bytes failed: Запрос ReadProcessMemory или WriteProcessMemory был выполнен только частично. (0x12B)
[0818/200803.925:ERROR:process_memory_win.cc(73)] ReadMemory at 0x13f0804c9b0 of 64 bytes failed: Запрос ReadProcessMemory или WriteProcessMemory был выполнен только частично. (0x12B)
[0818/200803.925:ERROR:process_memory_win.cc(73)] ReadMemory at 0x13f0804caa0 of 64 bytes failed: Запрос ReadProcessMemory или WriteProcessMemory был выполнен только частично. (0x12B)
[0818/200803.925:ERROR:process_memory_win.cc(73)] ReadMemory at 0x13f0804cb90 of 64 bytes failed: Запрос ReadProcessMemory или WriteProcessMemory был выполнен только частично. (0x12B)
[0818/200803.925:ERROR:process_memory_win.cc(73)] ReadMemory at 0x13f0804cbe0 of 62 bytes failed: Запрос ReadProcessMemory или WriteProcessMemory был выполнен только частично. (0x12B)
[0818/200803.925:ERROR:process_memory_win.cc(73)] ReadMemory at 0x13f0804ccd0 of 62 bytes failed: Запрос ReadProcessMemory или WriteProcessMemory был выполнен только частично. (0x12B)
[0818/200803.926:ERROR:process_memory_win.cc(73)] ReadMemory at 0x13f0804cd70 of 64 bytes failed: Запрос ReadProcessMemory или WriteProcessMemory был выполнен только частично. (0x12B)
[0818/200803.926:ERROR:process_memory_win.cc(73)] ReadMemory at 0x13f0804ceb0 of 64 bytes failed: Запрос ReadProcessMemory или WriteProcessMemory был выполнен только частично. (0x12B)
[0818/200803.926:ERROR:process_memory_win.cc(73)] ReadMemory at 0x13f0804cf00 of 64 bytes failed: Запрос ReadProcessMemory или WriteProcessMemory был выполнен только частично. (0x12B)
[0818/200803.926:ERROR:process_memory_win.cc(73)] ReadMemory at 0x13f0804cf50 of 58 bytes failed: Запрос ReadProcessMemory или WriteProcessMemory был выполнен только частично. (0x12B)
[0818/200803.926:ERROR:process_memory_win.cc(73)] ReadMemory at 0x13f0804cfa0 of 62 bytes failed: Запрос ReadProcessMemory или WriteProcessMemory был выполнен только частично. (0x12B)
[0818/200803.926:ERROR:process_memory_win.cc(73)] ReadMemory at 0x13f0804cff0 of 64 bytes failed: Запрос ReadProcessMemory или WriteProcessMemory был выполнен только частично. (0x12B)
[0818/200803.926:ERROR:process_memory_win.cc(73)] ReadMemory at 0x13f0804d040 of 62 bytes failed: Запрос ReadProcessMemory или WriteProcessMemory был выполнен только частично. (0x12B)
[0818/200803.927:ERROR:process_memory_win.cc(73)] ReadMemory at 0x13f0804d090 of 60 bytes failed: Запрос ReadProcessMemory или WriteProcessMemory был выполнен только частично. (0x12B)
[0818/200803.927:ERROR:process_memory_win.cc(73)] ReadMemory at 0x13f0804d130 of 62 bytes failed: Запрос ReadProcessMemory или WriteProcessMemory был выполнен только частично. (0x12B)
[0818/200803.927:ERROR:process_memory_win.cc(73)] ReadMemory at 0x13f0804d1d0 of 62 bytes failed: Запрос ReadProcessMemory или WriteProcessMemory был выполнен только частично. (0x12B)
[0818/200803.927:ERROR:process_memory_win.cc(73)] ReadMemory at 0x13f0804d2c0 of 66 bytes failed: Запрос ReadProcessMemory или WriteProcessMemory был выполнен только частично. (0x12B)
[0818/200803.927:ERROR:process_memory_win.cc(73)] ReadMemory at 0x13f0804d360 of 62 bytes failed: Запрос ReadProcessMemory или WriteProcessMemory был выполнен только частично. (0x12B)
[0818/200803.927:ERROR:process_memory_win.cc(73)] ReadMemory at 0x13f0804d3b0 of 60 bytes failed: Запрос ReadProcessMemory или WriteProcessMemory был выполнен только частично. (0x12B)
[0818/200803.927:ERROR:process_memory_win.cc(73)] ReadMemory at 0x13f0804eed0 of 146 bytes failed: Запрос ReadProcessMemory или WriteProcessMemory был выполнен только частично. (0x12B)
[0818/200803.927:ERROR:process_memory_win.cc(73)] ReadMemory at 0x13f08050870 of 132 bytes failed: Запрос ReadProcessMemory или WriteProcessMemory был выполнен только частично. (0x12B)
[0818/200803.927:ERROR:process_memory_win.cc(73)] ReadMemory at 0x13f08051450 of 132 bytes failed: Запрос ReadProcessMemory или WriteProcessMemory был выполнен только частично. (0x12B)
[0818/200803.927:ERROR:process_memory_win.cc(73)] ReadMemory at 0x13f080517e0 of 132 bytes failed: Запрос ReadProcessMemory или WriteProcessMemory был выполнен только частично. (0x12B)
[0818/200803.927:ERROR:process_memory_win.cc(73)] ReadMemory at 0x13f08051910 of 132 bytes failed: Запрос ReadProcessMemory или WriteProcessMemory был выполнен только частично. (0x12B)
[0818/200803.927:ERROR:process_memory_win.cc(73)] ReadMemory at 0x13f08068010 of 512 bytes failed: Запрос ReadProcessMemory или WriteProcessMemory был выполнен только частично. (0x12B)
[0818/200803.927:ERROR:process_memory_win.cc(73)] ReadMemory at 0x13f080b2830 of 512 bytes failed: Запрос ReadProcessMemory или WriteProcessMemory был выполнен только частично. (0x12B)
[0818/200803.928:ERROR:process_memory_win.cc(73)] ReadMemory at 0x13f080b4db0 of 512 bytes failed: Запрос ReadProcessMemory или WriteProcessMemory был выполнен только частично. (0x12B)
[0818/200803.928:ERROR:process_memory_win.cc(73)] ReadMemory at 0x13f080c71d0 of 512 bytes failed: Запрос ReadProcessMemory или WriteProcessMemory был выполнен только частично. (0x12B)
[0818/200803.928:ERROR:process_memory_win.cc(73)] ReadMemory at 0x13f080c8d50 of 512 bytes failed: Запрос ReadProcessMemory или WriteProcessMemory был выполнен только частично. (0x12B)
[0818/200803.928:ERROR:process_memory_win.cc(73)] ReadMemory at 0x13f080c9f50 of 512 bytes failed: Запрос ReadProcessMemory или WriteProcessMemory был выполнен только частично. (0x12B)
